#
# There is insufficient memory for the Java Runtime Environment to continue.
# Native memory allocation (malloc) failed to allocate 629136 bytes for Chunk::new
# Possible reasons:
#   The system is out of physical RAM or swap space
#   In 32 bit mode, the process size limit was hit
# Possible solutions:
#   Reduce memory load on the system
#   Increase physical memory or swap space
#   Check if swap backing store is full
#   Use 64 bit Java on a 64 bit OS
#   Decrease Java heap size (-Xmx/-Xms)
#   Decrease number of Java threads
#   Decrease Java thread stack sizes (-Xss)
#   Set larger code cache with -XX:ReservedCodeCacheSize=
# This output file may be truncated or incomplete.
#
#  Out of Memory Error (allocation.cpp:390), pid=11648, tid=0x0000000000002428
#
# JRE version: Java(TM) SE Runtime Environment (8.0_101-b13) (build 1.8.0_101-b13)
# Java VM: Java HotSpot(TM) 64-Bit Server VM (25.101-b13 mixed mode windows-amd64 compressed oops)
# Failed to write core dump. Minidumps are not enabled by default on client versions of Windows
#

---------------  T H R E A D  ---------------

Current thread (0x0000000017dab000):  JavaThread "C2 CompilerThread1" daemon [_thread_in_native, id=9256, stack(0x00000000197b0000,0x00000000198b0000)]

Stack: [0x00000000197b0000,0x00000000198b0000]
[error occurred during error reporting (printing stack bounds), id 0xc0000005]

Native frames: (J=compiled Java code, j=interpreted, Vv=VM code, C=native code)


Current CompileTask:
C2:    682  651   !   4       sun.font.TrueTypeFont::getTableBuffer (199 bytes)


---------------  P R O C E S S  ---------------

Java Threads: ( => current thread )
  0x0000000003540800 JavaThread "DestroyJavaVM" [_thread_blocked, id=2796, stack(0x0000000003440000,0x0000000003540000)]
  0x0000000019d37800 JavaThread "AWT-EventQueue-0" [_thread_in_native, id=2964, stack(0x000000001b080000,0x000000001b180000)]
  0x0000000019494800 JavaThread "AWT-Windows" daemon [_thread_in_native, id=3080, stack(0x000000001a6c0000,0x000000001a7c0000)]
  0x0000000019492000 JavaThread "AWT-Shutdown" [_thread_blocked, id=9940, stack(0x000000001a5c0000,0x000000001a6c0000)]
  0x000000001948e000 JavaThread "Java2D Disposer" daemon [_thread_blocked, id=3692, stack(0x000000001a4c0000,0x000000001a5c0000)]
  0x000000001913c800 JavaThread "Service Thread" daemon [_thread_blocked, id=9724, stack(0x00000000199b0000,0x0000000019ab0000)]
  0x00000000190c6000 JavaThread "C1 CompilerThread2" daemon [_thread_blocked, id=7404, stack(0x00000000198b0000,0x00000000199b0000)]
=>0x0000000017dab000 JavaThread "C2 CompilerThread1" daemon [_thread_in_native, id=9256, stack(0x00000000197b0000,0x00000000198b0000)]
  0x0000000017da9000 JavaThread "C2 CompilerThread0" daemon [_thread_blocked, id=8880, stack(0x00000000196b0000,0x00000000197b0000)]
  0x0000000017da7800 JavaThread "Attach Listener" daemon [_thread_blocked, id=3964, stack(0x00000000195b0000,0x00000000196b0000)]
  0x0000000017d5f000 JavaThread "Signal Dispatcher" daemon [_thread_blocked, id=11168, stack(0x00000000194b0000,0x00000000195b0000)]
  0x0000000017d38800 JavaThread "Finalizer" daemon [_thread_blocked, id=13392, stack(0x0000000018fb0000,0x00000000190b0000)]
  0x0000000003631000 JavaThread "Reference Handler" daemon [_thread_blocked, id=15164, stack(0x0000000018eb0000,0x0000000018fb0000)]

Other Threads:
  0x0000000017d16800 VMThread [stack: 0x0000000018db0000,0x0000000018eb0000] [id=2236]
  0x0000000019197000 WatcherThread [stack: 0x0000000019ab0000,0x0000000019bb0000] [id=14752]

VM state:not at safepoint (normal execution)

VM Mutex/Monitor currently owned by a thread: None

Heap:
 PSYoungGen      total 35840K, used 16895K [0x00000000d8380000, 0x00000000dab80000, 0x0000000100000000)
  eden space 30720K, 54% used [0x00000000d8380000,0x00000000d93fff10,0x00000000da180000)
  from space 5120K, 0% used [0x00000000da680000,0x00000000da680000,0x00000000dab80000)
  to   space 5120K, 0% used [0x00000000da180000,0x00000000da180000,0x00000000da680000)
 ParOldGen       total 81920K, used 0K [0x0000000088a00000, 0x000000008da00000, 0x00000000d8380000)
  object space 81920K, 0% used [0x0000000088a00000,0x0000000088a00000,0x000000008da00000)
 Metaspace       used 9819K, capacity 10066K, committed 10368K, reserved 1058816K
  class space    used 1206K, capacity 1287K, committed 1408K, reserved 1048576K

Card table byte_map: [0x0000000012a00000,0x0000000012dc0000] byte_map_base: 0x00000000125bb000

Marking Bits: (ParMarkBitMap*) 0x0000000077c2a6d0
 Begin Bits: [0x0000000013440000, 0x0000000015218000)
 End Bits:   [0x0000000015218000, 0x0000000016ff0000)

Polling page: 0x0000000001810000

CodeCache: size=245760Kb used=2766Kb max_used=2766Kb free=242993Kb
 bounds [0x0000000003640000, 0x0000000003900000, 0x0000000012640000]
 total_blobs=1145 nmethods=692 adapters=366
 compilation: enabled

Compilation events (10 events):
Event: 0.650 Thread 0x00000000190c6000  688       3       java.awt.Component::getFont (5 bytes)
Event: 0.650 Thread 0x00000000190c6000 nmethod 688 0x00000000038f1fd0 code [0x00000000038f2160, 0x00000000038f2668]
Event: 0.650 Thread 0x00000000190c6000  689   !   3       javax.swing.JComponent::getClientProperty (56 bytes)
Event: 0.651 Thread 0x00000000190c6000 nmethod 689 0x00000000038f1890 code [0x00000000038f1a20, 0x00000000038f1e68]
Event: 0.655 Thread 0x00000000190c6000  690       3       javax.swing.JComponent::setFlag (34 bytes)
Event: 0.655 Thread 0x00000000190c6000 nmethod 690 0x00000000038f6b50 code [0x00000000038f6ca0, 0x00000000038f6e90]
Event: 0.655 Thread 0x00000000190c6000  692       1       javax.swing.text.GapVector::getArray (5 bytes)
Event: 0.655 Thread 0x00000000190c6000 nmethod 692 0x00000000038f1550 code [0x00000000038f16a0, 0x00000000038f17b0]
Event: 0.656 Thread 0x00000000190c6000  693       1       java.awt.AWTEvent::getID (5 bytes)
Event: 0.656 Thread 0x00000000190c6000 nmethod 693 0x00000000038f6890 code [0x00000000038f69e0, 0x00000000038f6af0]

GC Heap History (0 events):
No events

Deoptimization events (4 events):
Event: 0.541 Thread 0x0000000003540800 Uncommon trap: reason=unstable_if action=reinterpret pc=0x00000000038c2f74 method=java.lang.Character.isSurrogate(C)Z @ 3
Event: 0.542 Thread 0x0000000003540800 Uncommon trap: reason=unstable_if action=reinterpret pc=0x0000000003827e4c method=java.lang.String.toLowerCase(Ljava/util/Locale;)Ljava/lang/String; @ 37
Event: 0.604 Thread 0x0000000003540800 Uncommon trap: reason=unstable_if action=reinterpret pc=0x00000000038b77a4 method=sun.font.TrueTypeFont.getDirectoryEntry(I)Lsun/font/TrueTypeFont$DirectoryEntry; @ 7
Event: 0.639 Thread 0x0000000019d37800 Uncommon trap: reason=unstable_if action=reinterpret pc=0x00000000038b7b74 method=java.lang.ThreadLocal.get()Ljava/lang/Object; @ 11

Internal exceptions (10 events):
Event: 0.144 Thread 0x0000000003540800 Exception <a 'java/security/PrivilegedActionException'> (0x00000000d84623e0) thrown at [C:\re\workspace\8-2-build-windows-amd64-cygwin\jdk8u101\7261\hotspot\src\share\vm\prims\jvm.cpp, line 1386]
Event: 0.144 Thread 0x0000000003540800 Exception <a 'java/security/PrivilegedActionException'> (0x00000000d8464be0) thrown at [C:\re\workspace\8-2-build-windows-amd64-cygwin\jdk8u101\7261\hotspot\src\share\vm\prims\jvm.cpp, line 1386]
Event: 0.144 Thread 0x0000000003540800 Exception <a 'java/security/PrivilegedActionException'> (0x00000000d8464df0) thrown at [C:\re\workspace\8-2-build-windows-amd64-cygwin\jdk8u101\7261\hotspot\src\share\vm\prims\jvm.cpp, line 1386]
Event: 0.150 Thread 0x0000000003540800 Exception <a 'java/io/FileNotFoundException'> (0x00000000d846e138) thrown at [C:\re\workspace\8-2-build-windows-amd64-cygwin\jdk8u101\7261\hotspot\src\share\vm\prims\jni.cpp, line 709]
Event: 0.181 Thread 0x0000000003540800 Exception <a 'java/lang/NoSuchFieldError': method resolution failed> (0x00000000d85d5018) thrown at [C:\re\workspace\8-2-build-windows-amd64-cygwin\jdk8u101\7261\hotspot\src\share\vm\prims\methodHandles.cpp, line 1146]
Event: 0.183 Thread 0x0000000003540800 Exception <a 'java/lang/NoSuchFieldError': method resolution failed> (0x00000000d85e23e8) thrown at [C:\re\workspace\8-2-build-windows-amd64-cygwin\jdk8u101\7261\hotspot\src\share\vm\prims\methodHandles.cpp, line 1146]
Event: 0.221 Thread 0x0000000003540800 Exception <a 'java/io/FileNotFoundException'> (0x00000000d8676b08) thrown at [C:\re\workspace\8-2-build-windows-amd64-cygwin\jdk8u101\7261\hotspot\src\share\vm\prims\jni.cpp, line 709]
Event: 0.281 Thread 0x0000000003540800 Exception <a 'java/io/FileNotFoundException'> (0x00000000d87d4b10) thrown at [C:\re\workspace\8-2-build-windows-amd64-cygwin\jdk8u101\7261\hotspot\src\share\vm\prims\jni.cpp, line 709]
Event: 0.281 Thread 0x0000000003540800 Exception <a 'java/lang/NullPointerException'> (0x00000000d87d5148) thrown at [C:\re\workspace\8-2-build-windows-amd64-cygwin\jdk8u101\7261\hotspot\src\share\vm\interpreter\linkResolver.cpp, line 1178]
Event: 0.639 Thread 0x0000000019d37800 Implicit null exception at 0x00000000038b7ada to 0x00000000038b7b61

Events (10 events):
Event: 0.644 loading class sun/java2d/loops/FontInfo
Event: 0.644 loading class sun/java2d/loops/FontInfo done
Event: 0.655 loading class java/awt/geom/RectIterator
Event: 0.655 loading class java/awt/geom/PathIterator
Event: 0.655 loading class java/awt/geom/PathIterator done
Event: 0.655 loading class java/awt/geom/RectIterator done
Event: 0.655 loading class sun/awt/image/MultiResolutionImage
Event: 0.655 loading class sun/awt/image/MultiResolutionImage done
Event: 0.655 loading class sun/awt/image/ToolkitImage
Event: 0.655 loading class sun/awt/image/ToolkitImage done


Dynamic libraries:
0x00007ff6d2210000 - 0x00007ff6d2247000 	E:\openSource\JDK\jdk\bin\javaw.exe
0x00007fff978e0000 - 0x00007fff97ac1000 	C:\WINDOWS\SYSTEM32\ntdll.dll
0x00007fff973a0000 - 0x00007fff97452000 	C:\WINDOWS\System32\KERNEL32.DLL
0x00007fff93cb0000 - 0x00007fff93f23000 	C:\WINDOWS\System32\KERNELBASE.dll
0x00007fff95650000 - 0x00007fff956f1000 	C:\WINDOWS\System32\ADVAPI32.dll
0x00007fff950e0000 - 0x00007fff9517e000 	C:\WINDOWS\System32\msvcrt.dll
0x00007fff95b80000 - 0x00007fff95bdb000 	C:\WINDOWS\System32\sechost.dll
0x00007fff970f0000 - 0x00007fff97214000 	C:\WINDOWS\System32\RPCRT4.dll
0x00007fff94ee0000 - 0x00007fff95070000 	C:\WINDOWS\System32\USER32.dll
0x00007fff93f30000 - 0x00007fff93f50000 	C:\WINDOWS\System32\win32u.dll
0x00007fff95b50000 - 0x00007fff95b78000 	C:\WINDOWS\System32\GDI32.dll
0x00007fff93fd0000 - 0x00007fff94162000 	C:\WINDOWS\System32\gdi32full.dll
0x00007fff94880000 - 0x00007fff9491f000 	C:\WINDOWS\System32\msvcp_win.dll
0x00007fff94920000 - 0x00007fff94a1a000 	C:\WINDOWS\System32\ucrtbase.dll
0x00007fff86d10000 - 0x00007fff86f79000 	C:\WINDOWS\WinSxS\amd64_microsoft.windows.common-controls_6595b64144ccf1df_6.0.17134.228_none_fb4599993062b194\COMCTL32.dll
0x00007fff95180000 - 0x00007fff954a3000 	C:\WINDOWS\System32\combase.dll
0x00007fff93f50000 - 0x00007fff93fca000 	C:\WINDOWS\System32\bcryptPrimitives.dll
0x00007fff958f0000 - 0x00007fff9591d000 	C:\WINDOWS\System32\IMM32.DLL
0x00007fff93b80000 - 0x00007fff93bee000 	C:\WINDOWS\System32\dtrampo.dll
0x0000000050070000 - 0x0000000050142000 	E:\openSource\JDK\jdk\jre\bin\msvcr100.dll
0x0000000077410000 - 0x0000000077caa000 	E:\openSource\JDK\jdk\jre\bin\server\jvm.dll
0x00007fff95760000 - 0x00007fff95768000 	C:\WINDOWS\System32\PSAPI.DLL
0x00007fff76b10000 - 0x00007fff76b19000 	C:\WINDOWS\SYSTEM32\WSOCK32.dll
0x00007fff95070000 - 0x00007fff950dc000 	C:\WINDOWS\System32\WS2_32.dll
0x00007fff8d050000 - 0x00007fff8d073000 	C:\WINDOWS\SYSTEM32\WINMM.dll
0x00007fff88800000 - 0x00007fff8880a000 	C:\WINDOWS\SYSTEM32\VERSION.dll
0x00007fff8ce50000 - 0x00007fff8ce7a000 	C:\WINDOWS\SYSTEM32\WINMMBASE.dll
0x00007fff94b30000 - 0x00007fff94b79000 	C:\WINDOWS\System32\cfgmgr32.dll
0x0000000050060000 - 0x000000005006f000 	E:\openSource\JDK\jdk\jre\bin\verify.dll
0x0000000050030000 - 0x0000000050059000 	E:\openSource\JDK\jdk\jre\bin\java.dll
0x0000000050010000 - 0x0000000050026000 	E:\openSource\JDK\jdk\jre\bin\zip.dll
0x00007fff95be0000 - 0x00007fff97020000 	C:\WINDOWS\System32\SHELL32.dll
0x00007fff95920000 - 0x00007fff959c9000 	C:\WINDOWS\System32\shcore.dll
0x00007fff94170000 - 0x00007fff9487d000 	C:\WINDOWS\System32\windows.storage.dll
0x00007fff95700000 - 0x00007fff95751000 	C:\WINDOWS\System32\shlwapi.dll
0x0000000003080000 - 0x0000000003091000 	C:\WINDOWS\System32\kernel.appcore.dll
0x00007fff93c00000 - 0x00007fff93c1f000 	C:\WINDOWS\System32\profapi.dll
0x00007fff93c40000 - 0x00007fff93c8c000 	C:\WINDOWS\System32\powrprof.dll
0x00007fff93bf0000 - 0x00007fff93bfa000 	C:\WINDOWS\System32\FLTLIB.DLL
0x0000000077270000 - 0x0000000077408000 	E:\openSource\JDK\jdk\jre\bin\awt.dll
0x00007fff97020000 - 0x00007fff970e2000 	C:\WINDOWS\System32\OLEAUT32.dll
0x00007fff91ee0000 - 0x00007fff91f6b000 	C:\WINDOWS\SYSTEM32\apphelp.dll
0x00007fff922f0000 - 0x00007fff92319000 	C:\WINDOWS\system32\DWMAPI.DLL
0x00007fff92010000 - 0x00007fff920a8000 	C:\WINDOWS\system32\uxtheme.dll
0x00007fff95770000 - 0x00007fff958e5000 	C:\WINDOWS\System32\MSCTF.dll
0x00007fff959e0000 - 0x00007fff95b31000 	C:\WINDOWS\System32\ole32.dll
0x0000000074e10000 - 0x0000000074e57000 	E:\openSource\JDK\jdk\jre\bin\fontmanager.dll
0x0000000077250000 - 0x000000007726a000 	E:\openSource\JDK\jdk\jre\bin\net.dll
0x00007fff93400000 - 0x00007fff93466000 	C:\WINDOWS\system32\mswsock.dll
0x0000000074df0000 - 0x0000000074e01000 	E:\openSource\JDK\jdk\jre\bin\nio.dll
0x0000000074da0000 - 0x0000000074de2000 	E:\openSource\JDK\jdk\jre\bin\t2k.dll
0x00007fff972e0000 - 0x00007fff97380000 	C:\WINDOWS\System32\clbcatq.dll
0x00007fff8c6a0000 - 0x00007fff8c84e000 	C:\WINDOWS\SYSTEM32\WindowsCodecs.dll
0x00007fff71210000 - 0x00007fff71268000 	C:\WINDOWS\system32\dataexchange.dll
0x00007fff90f20000 - 0x00007fff9122b000 	C:\WINDOWS\system32\d3d11.dll
0x00007fff91800000 - 0x00007fff9199c000 	C:\WINDOWS\system32\dcomp.dll
0x00007fff92940000 - 0x00007fff929fb000 	C:\WINDOWS\system32\dxgi.dll
0x00007fff92480000 - 0x00007fff92638000 	C:\WINDOWS\system32\twinapi.appcore.dll
0x00007fff923d0000 - 0x00007fff923f1000 	C:\WINDOWS\system32\RMCLIENT.dll
0x00007fff77f80000 - 0x00007fff78017000 	C:\WINDOWS\System32\TextInputFramework.dll
0x00007fff8c140000 - 0x00007fff8c45e000 	C:\WINDOWS\System32\CoreUIComponents.dll
0x00007fff91ce0000 - 0x00007fff91dba000 	C:\WINDOWS\System32\CoreMessaging.dll
0x00007fff92c70000 - 0x00007fff92ca1000 	C:\WINDOWS\SYSTEM32\ntmarta.dll
0x00007fff8fea0000 - 0x00007fff8ffed000 	C:\WINDOWS\SYSTEM32\wintypes.dll

VM Arguments:
jvm_args: -Dfile.encoding=UTF-8 
java_command: main.Main
java_class_path (initial): E:\openSource\JDK\jdk\jre\lib\resources.jar;E:\openSource\JDK\jdk\jre\lib\rt.jar;E:\openSource\JDK\jdk\jre\lib\jsse.jar;E:\openSource\JDK\jdk\jre\lib\jce.jar;E:\openSource\JDK\jdk\jre\lib\charsets.jar;E:\openSource\JDK\jdk\jre\lib\jfr.jar;E:\openSource\JDK\jdk\jre\lib\ext\access-bridge-64.jar;E:\openSource\JDK\jdk\jre\lib\ext\cldrdata.jar;E:\openSource\JDK\jdk\jre\lib\ext\dnsns.jar;E:\openSource\JDK\jdk\jre\lib\ext\jaccess.jar;E:\openSource\JDK\jdk\jre\lib\ext\jfxrt.jar;E:\openSource\JDK\jdk\jre\lib\ext\localedata.jar;E:\openSource\JDK\jdk\jre\lib\ext\nashorn.jar;E:\openSource\JDK\jdk\jre\lib\ext\sunec.jar;E:\openSource\JDK\jdk\jre\lib\ext\sunjce_provider.jar;E:\openSource\JDK\jdk\jre\lib\ext\sunmscapi.jar;E:\openSource\JDK\jdk\jre\lib\ext\sunpkcs11.jar;E:\openSource\JDK\jdk\jre\lib\ext\zipfs.jar;E:\ÎÄµµ\javaworkspace\Calculator\bin
Launcher Type: SUN_STANDARD

Environment Variables:
JAVA_HOME=D:\Java\jdk1.8.0_45
PATH=D:/Java/jdk1.8.0_45/bin/../jre/bin/server;D:/Java/jdk1.8.0_45/bin/../jre/bin;D:/Java/jdk1.8.0_45/bin/../jre/lib/amd64;C:\WINDOWS\system32;C:\WINDOWS;C:\WINDOWS\System32\Wbem;C:\WINDOWS\System32\WindowsPowerShell\v1.0\;C:\WINDOWS\System32\OpenSSH\;D:\Python\Python36;D:\Python\Python36\Scripts;D:\Git\cmd;D:\Python\Tesseract-OCR;D:\Redis\;D:\mysql-8.0.11-winx64\bin;D:\ADB;D:\Java\jdk1.8.0_45\bin;D:\Java\jdk1.8.0_45\jre;C:\Users\XIAO\AppData\Local\Programs\Python\Launcher\;C:\Users\XIAO\AppData\Local\Microsoft\WindowsApps;D:\Bandizip\;C:\Users\XIAO\AppData\Local\Programs\Fiddler;D:\eclipse;
USERNAME=XIAO
OS=Windows_NT
PROCESSOR_IDENTIFIER=Intel64 Family 6 Model 142 Stepping 9, GenuineIntel



---------------  S Y S T E M  ---------------

OS: Windows 10.0 , 64 bit Build 17134 (10.0.17134.1)

CPU:total 4 (2 cores per cpu, 2 threads per core) family 6 model 142 stepping 9, cmov, cx8, fxsr, mmx, sse, sse2, sse3, ssse3, sse4.1, sse4.2, popcnt, avx, avx2, aes, clmul, erms, 3dnowpref, lzcnt, ht, tsc, tscinvbit, bmi1, bmi2, adx

Memory: 4k page, physical 7822336k(2687308k free), swap 14266168k(4932k free)

vm_info: Java HotSpot(TM) 64-Bit Server VM (25.101-b13) for windows-amd64 JRE (1.8.0_101-b13), built on Jun 22 2016 01:21:29 by "java_re" with MS VC++ 10.0 (VS2010)

time: Fri Sep 14 21:01:42 2018
elapsed time: 0 seconds (0d 0h 0m 0s)

